<?xml version="1.0" encoding="UTF-8"?>
<!-- Generated by org.testng.reporters.JUnitXMLReporter -->
<testsuite ignored="0" hostname="DESKTOP-HIN4ESK" failures="0" tests="8" name="Test" time="41.09" errors="0" timestamp="2024-08-15T20:28:12 IST">
  <testcase classname="tests.signuptest" name="signuptesth" time="2.425"/>
  <testcase classname="tests.signuptest" name="signuptesth" time="2.359"/>
  <testcase classname="tests.signuptest" name="signuptesth" time="2.464"/>
  <testcase classname="tests.signuptest" name="signuptesth" time="2.492"/>
  <testcase classname="tests.logintest" name="logintesth" time="2.381"/>
  <testcase classname="tests.logintest" name="logintesth" time="2.524"/>
  <testcase classname="tests.logintest" name="logintesth" time="2.596"/>
  <testcase classname="tests.logintest" name="logintesth" time="6.201"/>
</testsuite> <!-- Test -->
