<?xml version="1.0" encoding="UTF-8"?>
<testng-results ignored="0" total="8" passed="8" failed="0" skipped="0">
  <reporter-output>
  </reporter-output>
  <suite started-at="2024-08-15T20:27:31 IST" name="Suite" finished-at="2024-08-15T20:28:12 IST" duration-ms="41090">
    <groups>
    </groups>
    <test started-at="2024-08-15T20:27:31 IST" name="Test" finished-at="2024-08-15T20:28:12 IST" duration-ms="41090">
      <class name="tests.logintest">
        <test-method is-config="true" signature="excelreads()[pri:0, instance:tests.logintest@2034b64c]" started-at="2024-08-15T20:27:31 IST" name="excelreads" finished-at="2024-08-15T20:27:31 IST" duration-ms="5" status="PASS">
          <reporter-output>
          </reporter-output>
        </test-method> <!-- excelreads -->
        <test-method is-config="true" signature="start()[pri:0, instance:tests.logintest@2034b64c]" started-at="2024-08-15T20:27:50 IST" name="start" finished-at="2024-08-15T20:27:51 IST" duration-ms="1744" status="PASS">
          <reporter-output>
          </reporter-output>
        </test-method> <!-- start -->
        <test-method signature="logintesth(java.lang.String,java.lang.String,java.lang.String)[pri:0, instance:tests.logintest@2034b64c]" started-at="2024-08-15T20:27:51 IST" name="logintesth" data-provider="Readingexceldata" finished-at="2024-08-15T20:27:54 IST" duration-ms="2381" status="PASS">
          <params>
            <param index="0">
              <value>
                <![CDATA[Rudhran123]]>
              </value>
            </param>
            <param index="1">
              <value>
                <![CDATA[Rudhran@123]]>
              </value>
            </param>
            <param index="2">
              <value>
                <![CDATA[bothcorrect]]>
              </value>
            </param>
          </params>
          <reporter-output>
          </reporter-output>
        </test-method> <!-- logintesth -->
        <test-method is-config="true" signature="end()[pri:0, instance:tests.logintest@2034b64c]" started-at="2024-08-15T20:27:54 IST" name="end" finished-at="2024-08-15T20:27:55 IST" duration-ms="1352" status="PASS">
          <reporter-output>
          </reporter-output>
        </test-method> <!-- end -->
        <test-method is-config="true" signature="start()[pri:0, instance:tests.logintest@2034b64c]" started-at="2024-08-15T20:27:55 IST" name="start" finished-at="2024-08-15T20:27:57 IST" duration-ms="1478" status="PASS">
          <reporter-output>
          </reporter-output>
        </test-method> <!-- start -->
        <test-method signature="logintesth(java.lang.String,java.lang.String,java.lang.String)[pri:0, instance:tests.logintest@2034b64c]" started-at="2024-08-15T20:27:57 IST" name="logintesth" data-provider="Readingexceldata" finished-at="2024-08-15T20:27:59 IST" duration-ms="2524" status="PASS">
          <params>
            <param index="0">
              <value>
                <![CDATA[vicky]]>
              </value>
            </param>
            <param index="1">
              <value>
                <![CDATA[v&^op]]>
              </value>
            </param>
            <param index="2">
              <value>
                <![CDATA[wrongPassword]]>
              </value>
            </param>
          </params>
          <reporter-output>
          </reporter-output>
        </test-method> <!-- logintesth -->
        <test-method is-config="true" signature="end()[pri:0, instance:tests.logintest@2034b64c]" started-at="2024-08-15T20:27:59 IST" name="end" finished-at="2024-08-15T20:27:59 IST" duration-ms="107" status="PASS">
          <reporter-output>
          </reporter-output>
        </test-method> <!-- end -->
        <test-method is-config="true" signature="start()[pri:0, instance:tests.logintest@2034b64c]" started-at="2024-08-15T20:27:59 IST" name="start" finished-at="2024-08-15T20:28:01 IST" duration-ms="1720" status="PASS">
          <reporter-output>
          </reporter-output>
        </test-method> <!-- start -->
        <test-method signature="logintesth(java.lang.String,java.lang.String,java.lang.String)[pri:0, instance:tests.logintest@2034b64c]" started-at="2024-08-15T20:28:01 IST" name="logintesth" data-provider="Readingexceldata" finished-at="2024-08-15T20:28:04 IST" duration-ms="2596" status="PASS">
          <params>
            <param index="0">
              <value>
                <![CDATA[Rudhran]]>
              </value>
            </param>
            <param index="1">
              <value>
                <![CDATA[Rudhran@123]]>
              </value>
            </param>
            <param index="2">
              <value>
                <![CDATA[wrongPassword]]>
              </value>
            </param>
          </params>
          <reporter-output>
          </reporter-output>
        </test-method> <!-- logintesth -->
        <test-method is-config="true" signature="end()[pri:0, instance:tests.logintest@2034b64c]" started-at="2024-08-15T20:28:04 IST" name="end" finished-at="2024-08-15T20:28:04 IST" duration-ms="94" status="PASS">
          <reporter-output>
          </reporter-output>
        </test-method> <!-- end -->
        <test-method is-config="true" signature="start()[pri:0, instance:tests.logintest@2034b64c]" started-at="2024-08-15T20:28:04 IST" name="start" finished-at="2024-08-15T20:28:05 IST" duration-ms="1705" status="PASS">
          <reporter-output>
          </reporter-output>
        </test-method> <!-- start -->
        <test-method signature="logintesth(java.lang.String,java.lang.String,java.lang.String)[pri:0, instance:tests.logintest@2034b64c]" started-at="2024-08-15T20:28:05 IST" name="logintesth" data-provider="Readingexceldata" finished-at="2024-08-15T20:28:12 IST" duration-ms="6201" status="PASS">
          <params>
            <param index="0">
              <value>
                <![CDATA[Rudhran123]]>
              </value>
            </param>
            <param index="1">
              <value>
                <![CDATA[Rudhran@@123]]>
              </value>
            </param>
            <param index="2">
              <value>
                <![CDATA[wrongPassword]]>
              </value>
            </param>
          </params>
          <reporter-output>
          </reporter-output>
        </test-method> <!-- logintesth -->
        <test-method is-config="true" signature="end()[pri:0, instance:tests.logintest@2034b64c]" started-at="2024-08-15T20:28:12 IST" name="end" finished-at="2024-08-15T20:28:12 IST" duration-ms="101" status="PASS">
          <reporter-output>
          </reporter-output>
        </test-method> <!-- end -->
      </class> <!-- tests.logintest -->
      <class name="tests.signuptest">
        <test-method is-config="true" signature="excelreads()[pri:0, instance:tests.signuptest@54422e18]" started-at="2024-08-15T20:27:31 IST" name="excelreads" finished-at="2024-08-15T20:27:31 IST" duration-ms="0" status="PASS">
          <reporter-output>
          </reporter-output>
        </test-method> <!-- excelreads -->
        <test-method is-config="true" signature="start()[pri:0, instance:tests.signuptest@54422e18]" started-at="2024-08-15T20:27:31 IST" name="start" finished-at="2024-08-15T20:27:34 IST" duration-ms="2254" status="PASS">
          <reporter-output>
          </reporter-output>
        </test-method> <!-- start -->
        <test-method signature="signuptesth(java.lang.String,java.lang.String,java.lang.String)[pri:0, instance:tests.signuptest@54422e18]" started-at="2024-08-15T20:27:34 IST" name="signuptesth" data-provider="Readingexceldata" finished-at="2024-08-15T20:27:36 IST" duration-ms="2425" status="PASS">
          <params>
            <param index="0">
              <value>
                <![CDATA[Rudhran123]]>
              </value>
            </param>
            <param index="1">
              <value>
                <![CDATA[Rudhran@123]]>
              </value>
            </param>
            <param index="2">
              <value>
                <![CDATA[ExistingUser]]>
              </value>
            </param>
          </params>
          <reporter-output>
          </reporter-output>
        </test-method> <!-- signuptesth -->
        <test-method is-config="true" signature="end()[pri:0, instance:tests.signuptest@54422e18]" started-at="2024-08-15T20:27:36 IST" name="end" finished-at="2024-08-15T20:27:36 IST" duration-ms="77" status="PASS">
          <reporter-output>
          </reporter-output>
        </test-method> <!-- end -->
        <test-method is-config="true" signature="start()[pri:0, instance:tests.signuptest@54422e18]" started-at="2024-08-15T20:27:36 IST" name="start" finished-at="2024-08-15T20:27:38 IST" duration-ms="1791" status="PASS">
          <reporter-output>
          </reporter-output>
        </test-method> <!-- start -->
        <test-method signature="signuptesth(java.lang.String,java.lang.String,java.lang.String)[pri:0, instance:tests.signuptest@54422e18]" started-at="2024-08-15T20:27:38 IST" name="signuptesth" data-provider="Readingexceldata" finished-at="2024-08-15T20:27:40 IST" duration-ms="2359" status="PASS">
          <params>
            <param index="0">
              <value>
                <![CDATA[Rudhran123]]>
              </value>
            </param>
            <param index="1">
              <value>
                <![CDATA[Rudhran@123]]>
              </value>
            </param>
            <param index="2">
              <value>
                <![CDATA[ExistingUser]]>
              </value>
            </param>
          </params>
          <reporter-output>
          </reporter-output>
        </test-method> <!-- signuptesth -->
        <test-method is-config="true" signature="end()[pri:0, instance:tests.signuptest@54422e18]" started-at="2024-08-15T20:27:40 IST" name="end" finished-at="2024-08-15T20:27:42 IST" duration-ms="1283" status="PASS">
          <reporter-output>
          </reporter-output>
        </test-method> <!-- end -->
        <test-method is-config="true" signature="start()[pri:0, instance:tests.signuptest@54422e18]" started-at="2024-08-15T20:27:42 IST" name="start" finished-at="2024-08-15T20:27:43 IST" duration-ms="1321" status="PASS">
          <reporter-output>
          </reporter-output>
        </test-method> <!-- start -->
        <test-method signature="signuptesth(java.lang.String,java.lang.String,java.lang.String)[pri:0, instance:tests.signuptest@54422e18]" started-at="2024-08-15T20:27:43 IST" name="signuptesth" data-provider="Readingexceldata" finished-at="2024-08-15T20:27:45 IST" duration-ms="2464" status="PASS">
          <params>
            <param index="0">
              <value>
                <![CDATA[Rudhran]]>
              </value>
            </param>
            <param index="1">
              <value>
                <![CDATA[Rudhran@123]]>
              </value>
            </param>
            <param index="2">
              <value>
                <![CDATA[ExistingUser]]>
              </value>
            </param>
          </params>
          <reporter-output>
          </reporter-output>
        </test-method> <!-- signuptesth -->
        <test-method is-config="true" signature="end()[pri:0, instance:tests.signuptest@54422e18]" started-at="2024-08-15T20:27:45 IST" name="end" finished-at="2024-08-15T20:27:46 IST" duration-ms="100" status="PASS">
          <reporter-output>
          </reporter-output>
        </test-method> <!-- end -->
        <test-method is-config="true" signature="start()[pri:0, instance:tests.signuptest@54422e18]" started-at="2024-08-15T20:27:46 IST" name="start" finished-at="2024-08-15T20:27:47 IST" duration-ms="1434" status="PASS">
          <reporter-output>
          </reporter-output>
        </test-method> <!-- start -->
        <test-method signature="signuptesth(java.lang.String,java.lang.String,java.lang.String)[pri:0, instance:tests.signuptest@54422e18]" started-at="2024-08-15T20:27:47 IST" name="signuptesth" data-provider="Readingexceldata" finished-at="2024-08-15T20:27:49 IST" duration-ms="2492" status="PASS">
          <params>
            <param index="0">
              <value>
                <![CDATA[Rudhran123]]>
              </value>
            </param>
            <param index="1">
              <value>
                <![CDATA[Rudhran@@123]]>
              </value>
            </param>
            <param index="2">
              <value>
                <![CDATA[ExistingUser]]>
              </value>
            </param>
          </params>
          <reporter-output>
          </reporter-output>
        </test-method> <!-- signuptesth -->
        <test-method is-config="true" signature="end()[pri:0, instance:tests.signuptest@54422e18]" started-at="2024-08-15T20:27:49 IST" name="end" finished-at="2024-08-15T20:27:50 IST" duration-ms="96" status="PASS">
          <reporter-output>
          </reporter-output>
        </test-method> <!-- end -->
      </class> <!-- tests.signuptest -->
    </test> <!-- Test -->
  </suite> <!-- Suite -->
</testng-results>
